\BOOKMARK [1][-]{section.1}{Introduction}{}% 1
\BOOKMARK [2][-]{subsection.1.1}{Background: Neural Tangent Feature and Kernel}{section.1}% 2
\BOOKMARK [2][-]{subsection.1.2}{Our Contributions}{section.1}% 3
\BOOKMARK [1][-]{section.2}{Neural Path Feature and Kernel: Encoding Gating Information}{}% 4
\BOOKMARK [2][-]{subsection.2.1}{Paths, Neural Path Feature, Neural Path Value and Network Output}{section.2}% 5
\BOOKMARK [2][-]{subsection.2.2}{Neural Path Kernel : Similarity based on active sub-networks}{section.2}% 6
\BOOKMARK [1][-]{section.3}{Dynamics of Gradient Descent with NPF and NPV Learning}{}% 7
\BOOKMARK [2][-]{subsection.3.1}{NPV and NPF Learning}{section.3}% 8
\BOOKMARK [2][-]{subsection.3.2}{Gradient Descent}{section.3}% 9
\BOOKMARK [1][-]{section.4}{Deep Gated Networks: Decoupling Neural Path Feature and Value}{}% 10
\BOOKMARK [1][-]{section.5}{Learning with Fixed NPFs: Role Of Active Sub-Networks}{}% 11
\BOOKMARK [1][-]{section.6}{Experiments: Fixed NPFs, NPF Learning and Verification of Claim II}{}% 12
\BOOKMARK [1][-]{section.7}{Related Work}{}% 13
\BOOKMARK [1][-]{section.8}{Conclusion}{}% 14
\BOOKMARK [1][-]{appendix.A}{Expression for K\(d\)}{}% 15
\BOOKMARK [1][-]{appendix.B}{Experimental Setup}{}% 16
\BOOKMARK [1][-]{appendix.C}{Applying th:main In Finite Width Case}{}% 17
\BOOKMARK [1][-]{appendix.D}{Proofs of technical results}{}% 18
\BOOKMARK [1][-]{appendix.E}{DGN as a Lookup Table: Applying th:main to a pure memorisation task}{}% 19
\BOOKMARK [2][-]{subsection.E.1}{Experiment}{appendix.E}% 20
